CRITICAL - 2023-03-31 08:04:46 --> Undefined variable $is_remember
in APPPATH/Controllers/Login.php on line 29.
 1 APPPATH/Controllers/Login.php(29): CodeIgniter\Debug\Exceptions->errorHandler()
 2 SYSTEMPATH/CodeIgniter.php(934): App\Controllers\Login->check_login()
 3 SYSTEMPATH/CodeIgniter.php(499): CodeIgniter\CodeIgniter->runController()
 4 SYSTEMPATH/CodeIgniter.php(368): CodeIgniter\CodeIgniter->handleRequest()
 5 FCPATH/index.php(67): CodeIgniter\CodeIgniter->run()
CRITICAL - 2023-03-31 08:36:26 --> include(/sub_templates/auth-reset-password.html): Failed to open stream: No such file or directory
in APPPATH/Views/board_page.php on line 10.
 1 APPPATH/Views/board_page.php(10): CodeIgniter\Debug\Exceptions->errorHandler()
 2 APPPATH/Views/board_page.php(10): include()
 3 SYSTEMPATH/View/View.php(213): include('APPPATH/Views/board_page.php')
 4 SYSTEMPATH/View/View.php(216): CodeIgniter\View\View->CodeIgniter\View\{closure}()
 5 SYSTEMPATH/Common.php(1184): CodeIgniter\View\View->render()
 6 APPPATH/Controllers/Main.php(8): view()
 7 SYSTEMPATH/CodeIgniter.php(934): App\Controllers\Main->index()
 8 SYSTEMPATH/CodeIgniter.php(499): CodeIgniter\CodeIgniter->runController()
 9 SYSTEMPATH/CodeIgniter.php(368): CodeIgniter\CodeIgniter->handleRequest()
10 FCPATH/index.php(67): CodeIgniter\CodeIgniter->run()
CRITICAL - 2023-03-31 08:36:32 --> include(/sub_templates/auth-reset-password.html): Failed to open stream: No such file or directory
in APPPATH/Views/board_page.php on line 10.
 1 APPPATH/Views/board_page.php(10): CodeIgniter\Debug\Exceptions->errorHandler()
 2 APPPATH/Views/board_page.php(10): include()
 3 SYSTEMPATH/View/View.php(213): include('APPPATH/Views/board_page.php')
 4 SYSTEMPATH/View/View.php(216): CodeIgniter\View\View->CodeIgniter\View\{closure}()
 5 SYSTEMPATH/Common.php(1184): CodeIgniter\View\View->render()
 6 APPPATH/Controllers/Main.php(8): view()
 7 SYSTEMPATH/CodeIgniter.php(934): App\Controllers\Main->index()
 8 SYSTEMPATH/CodeIgniter.php(499): CodeIgniter\CodeIgniter->runController()
 9 SYSTEMPATH/CodeIgniter.php(368): CodeIgniter\CodeIgniter->handleRequest()
10 FCPATH/index.php(67): CodeIgniter\CodeIgniter->run()
CRITICAL - 2023-03-31 08:36:33 --> include(/sub_templates/auth-reset-password.html): Failed to open stream: No such file or directory
in APPPATH/Views/board_page.php on line 10.
 1 APPPATH/Views/board_page.php(10): CodeIgniter\Debug\Exceptions->errorHandler()
 2 APPPATH/Views/board_page.php(10): include()
 3 SYSTEMPATH/View/View.php(213): include('APPPATH/Views/board_page.php')
 4 SYSTEMPATH/View/View.php(216): CodeIgniter\View\View->CodeIgniter\View\{closure}()
 5 SYSTEMPATH/Common.php(1184): CodeIgniter\View\View->render()
 6 APPPATH/Controllers/Main.php(8): view()
 7 SYSTEMPATH/CodeIgniter.php(934): App\Controllers\Main->index()
 8 SYSTEMPATH/CodeIgniter.php(499): CodeIgniter\CodeIgniter->runController()
 9 SYSTEMPATH/CodeIgniter.php(368): CodeIgniter\CodeIgniter->handleRequest()
10 FCPATH/index.php(67): CodeIgniter\CodeIgniter->run()
CRITICAL - 2023-03-31 08:37:15 --> include(template/sub_templates/example.html): Failed to open stream: No such file or directory
in APPPATH/Views/board_page.php on line 10.
 1 APPPATH/Views/board_page.php(10): CodeIgniter\Debug\Exceptions->errorHandler()
 2 APPPATH/Views/board_page.php(10): include()
 3 SYSTEMPATH/View/View.php(213): include('APPPATH/Views/board_page.php')
 4 SYSTEMPATH/View/View.php(216): CodeIgniter\View\View->CodeIgniter\View\{closure}()
 5 SYSTEMPATH/Common.php(1184): CodeIgniter\View\View->render()
 6 APPPATH/Controllers/Main.php(8): view()
 7 SYSTEMPATH/CodeIgniter.php(934): App\Controllers\Main->index()
 8 SYSTEMPATH/CodeIgniter.php(499): CodeIgniter\CodeIgniter->runController()
 9 SYSTEMPATH/CodeIgniter.php(368): CodeIgniter\CodeIgniter->handleRequest()
10 FCPATH/index.php(67): CodeIgniter\CodeIgniter->run()
CRITICAL - 2023-03-31 08:37:16 --> include(template/sub_templates/example.html): Failed to open stream: No such file or directory
in APPPATH/Views/board_page.php on line 10.
 1 APPPATH/Views/board_page.php(10): CodeIgniter\Debug\Exceptions->errorHandler()
 2 APPPATH/Views/board_page.php(10): include()
 3 SYSTEMPATH/View/View.php(213): include('APPPATH/Views/board_page.php')
 4 SYSTEMPATH/View/View.php(216): CodeIgniter\View\View->CodeIgniter\View\{closure}()
 5 SYSTEMPATH/Common.php(1184): CodeIgniter\View\View->render()
 6 APPPATH/Controllers/Main.php(8): view()
 7 SYSTEMPATH/CodeIgniter.php(934): App\Controllers\Main->index()
 8 SYSTEMPATH/CodeIgniter.php(499): CodeIgniter\CodeIgniter->runController()
 9 SYSTEMPATH/CodeIgniter.php(368): CodeIgniter\CodeIgniter->handleRequest()
10 FCPATH/index.php(67): CodeIgniter\CodeIgniter->run()
CRITICAL - 2023-03-31 08:37:17 --> include(template/sub_templates/example.html): Failed to open stream: No such file or directory
in APPPATH/Views/board_page.php on line 10.
 1 APPPATH/Views/board_page.php(10): CodeIgniter\Debug\Exceptions->errorHandler()
 2 APPPATH/Views/board_page.php(10): include()
 3 SYSTEMPATH/View/View.php(213): include('APPPATH/Views/board_page.php')
 4 SYSTEMPATH/View/View.php(216): CodeIgniter\View\View->CodeIgniter\View\{closure}()
 5 SYSTEMPATH/Common.php(1184): CodeIgniter\View\View->render()
 6 APPPATH/Controllers/Main.php(8): view()
 7 SYSTEMPATH/CodeIgniter.php(934): App\Controllers\Main->index()
 8 SYSTEMPATH/CodeIgniter.php(499): CodeIgniter\CodeIgniter->runController()
 9 SYSTEMPATH/CodeIgniter.php(368): CodeIgniter\CodeIgniter->handleRequest()
10 FCPATH/index.php(67): CodeIgniter\CodeIgniter->run()
CRITICAL - 2023-03-31 08:37:18 --> include(template/sub_templates/example.html): Failed to open stream: No such file or directory
in APPPATH/Views/board_page.php on line 10.
 1 APPPATH/Views/board_page.php(10): CodeIgniter\Debug\Exceptions->errorHandler()
 2 APPPATH/Views/board_page.php(10): include()
 3 SYSTEMPATH/View/View.php(213): include('APPPATH/Views/board_page.php')
 4 SYSTEMPATH/View/View.php(216): CodeIgniter\View\View->CodeIgniter\View\{closure}()
 5 SYSTEMPATH/Common.php(1184): CodeIgniter\View\View->render()
 6 APPPATH/Controllers/Main.php(8): view()
 7 SYSTEMPATH/CodeIgniter.php(934): App\Controllers\Main->index()
 8 SYSTEMPATH/CodeIgniter.php(499): CodeIgniter\CodeIgniter->runController()
 9 SYSTEMPATH/CodeIgniter.php(368): CodeIgniter\CodeIgniter->handleRequest()
10 FCPATH/index.php(67): CodeIgniter\CodeIgniter->run()
CRITICAL - 2023-03-31 08:37:19 --> include(template/sub_templates/example.html): Failed to open stream: No such file or directory
in APPPATH/Views/board_page.php on line 10.
 1 APPPATH/Views/board_page.php(10): CodeIgniter\Debug\Exceptions->errorHandler()
 2 APPPATH/Views/board_page.php(10): include()
 3 SYSTEMPATH/View/View.php(213): include('APPPATH/Views/board_page.php')
 4 SYSTEMPATH/View/View.php(216): CodeIgniter\View\View->CodeIgniter\View\{closure}()
 5 SYSTEMPATH/Common.php(1184): CodeIgniter\View\View->render()
 6 APPPATH/Controllers/Main.php(8): view()
 7 SYSTEMPATH/CodeIgniter.php(934): App\Controllers\Main->index()
 8 SYSTEMPATH/CodeIgniter.php(499): CodeIgniter\CodeIgniter->runController()
 9 SYSTEMPATH/CodeIgniter.php(368): CodeIgniter\CodeIgniter->handleRequest()
10 FCPATH/index.php(67): CodeIgniter\CodeIgniter->run()
CRITICAL - 2023-03-31 08:37:21 --> include(template/sub_templates/example.html): Failed to open stream: No such file or directory
in APPPATH/Views/board_page.php on line 10.
 1 APPPATH/Views/board_page.php(10): CodeIgniter\Debug\Exceptions->errorHandler()
 2 APPPATH/Views/board_page.php(10): include()
 3 SYSTEMPATH/View/View.php(213): include('APPPATH/Views/board_page.php')
 4 SYSTEMPATH/View/View.php(216): CodeIgniter\View\View->CodeIgniter\View\{closure}()
 5 SYSTEMPATH/Common.php(1184): CodeIgniter\View\View->render()
 6 APPPATH/Controllers/Main.php(8): view()
 7 SYSTEMPATH/CodeIgniter.php(934): App\Controllers\Main->index()
 8 SYSTEMPATH/CodeIgniter.php(499): CodeIgniter\CodeIgniter->runController()
 9 SYSTEMPATH/CodeIgniter.php(368): CodeIgniter\CodeIgniter->handleRequest()
10 FCPATH/index.php(67): CodeIgniter\CodeIgniter->run()
CRITICAL - 2023-03-31 08:39:38 --> include(template/header): Failed to open stream: No such file or directory
in APPPATH/Views/board_page.php on line 10.
 1 APPPATH/Views/board_page.php(10): CodeIgniter\Debug\Exceptions->errorHandler()
 2 APPPATH/Views/board_page.php(10): include()
 3 SYSTEMPATH/View/View.php(213): include('APPPATH/Views/board_page.php')
 4 SYSTEMPATH/View/View.php(216): CodeIgniter\View\View->CodeIgniter\View\{closure}()
 5 SYSTEMPATH/Common.php(1184): CodeIgniter\View\View->render()
 6 APPPATH/Controllers/Main.php(8): view()
 7 SYSTEMPATH/CodeIgniter.php(934): App\Controllers\Main->index()
 8 SYSTEMPATH/CodeIgniter.php(499): CodeIgniter\CodeIgniter->runController()
 9 SYSTEMPATH/CodeIgniter.php(368): CodeIgniter\CodeIgniter->handleRequest()
10 FCPATH/index.php(67): CodeIgniter\CodeIgniter->run()
CRITICAL - 2023-03-31 08:39:39 --> include(template/header): Failed to open stream: No such file or directory
in APPPATH/Views/board_page.php on line 10.
 1 APPPATH/Views/board_page.php(10): CodeIgniter\Debug\Exceptions->errorHandler()
 2 APPPATH/Views/board_page.php(10): include()
 3 SYSTEMPATH/View/View.php(213): include('APPPATH/Views/board_page.php')
 4 SYSTEMPATH/View/View.php(216): CodeIgniter\View\View->CodeIgniter\View\{closure}()
 5 SYSTEMPATH/Common.php(1184): CodeIgniter\View\View->render()
 6 APPPATH/Controllers/Main.php(8): view()
 7 SYSTEMPATH/CodeIgniter.php(934): App\Controllers\Main->index()
 8 SYSTEMPATH/CodeIgniter.php(499): CodeIgniter\CodeIgniter->runController()
 9 SYSTEMPATH/CodeIgniter.php(368): CodeIgniter\CodeIgniter->handleRequest()
10 FCPATH/index.php(67): CodeIgniter\CodeIgniter->run()
CRITICAL - 2023-03-31 08:39:39 --> include(template/header): Failed to open stream: No such file or directory
in APPPATH/Views/board_page.php on line 10.
 1 APPPATH/Views/board_page.php(10): CodeIgniter\Debug\Exceptions->errorHandler()
 2 APPPATH/Views/board_page.php(10): include()
 3 SYSTEMPATH/View/View.php(213): include('APPPATH/Views/board_page.php')
 4 SYSTEMPATH/View/View.php(216): CodeIgniter\View\View->CodeIgniter\View\{closure}()
 5 SYSTEMPATH/Common.php(1184): CodeIgniter\View\View->render()
 6 APPPATH/Controllers/Main.php(8): view()
 7 SYSTEMPATH/CodeIgniter.php(934): App\Controllers\Main->index()
 8 SYSTEMPATH/CodeIgniter.php(499): CodeIgniter\CodeIgniter->runController()
 9 SYSTEMPATH/CodeIgniter.php(368): CodeIgniter\CodeIgniter->handleRequest()
10 FCPATH/index.php(67): CodeIgniter\CodeIgniter->run()
