CRITICAL - 2023-04-15 08:04:19 --> You must set the database table to be used with your query.
in SYSTEMPATH/Database/BaseConnection.php on line 882.
 1 SYSTEMPATH/Model.php(642): CodeIgniter\Database\BaseConnection->table()
 2 SYSTEMPATH/Model.php(832): CodeIgniter\Model->builder()
 3 APPPATH/Controllers/Main.php(148): CodeIgniter\Model->__call()
 4 SYSTEMPATH/CodeIgniter.php(934): App\Controllers\Main->search()
 5 SYSTEMPATH/CodeIgniter.php(499): CodeIgniter\CodeIgniter->runController()
 6 SYSTEMPATH/CodeIgniter.php(368): CodeIgniter\CodeIgniter->handleRequest()
 7 FCPATH/index.php(67): CodeIgniter\CodeIgniter->run()
CRITICAL - 2023-04-15 08:40:54 --> Unsupported operand types: string % string
in APPPATH/Models/subject_model.php on line 113.
 1 APPPATH/Controllers/Main.php(148): App\Models\subject_model->getSearch()
 2 SYSTEMPATH/CodeIgniter.php(934): App\Controllers\Main->search()
 3 SYSTEMPATH/CodeIgniter.php(499): CodeIgniter\CodeIgniter->runController()
 4 SYSTEMPATH/CodeIgniter.php(368): CodeIgniter\CodeIgniter->handleRequest()
 5 FCPATH/index.php(67): CodeIgniter\CodeIgniter->run()
ERROR - 2023-04-15 08:41:58 --> mysqli_sql_exception: Unknown column 'cwasca' in 'where clause' in /var/www/htdocs/project/system/Database/MySQLi/Connection.php:295
Stack trace:
#0 /var/www/htdocs/project/system/Database/MySQLi/Connection.php(295): mysqli->query()
#1 /var/www/htdocs/project/system/Database/BaseConnection.php(691): CodeIgniter\Database\MySQLi\Connection->execute()
#2 /var/www/htdocs/project/system/Database/BaseConnection.php(605): CodeIgniter\Database\BaseConnection->simpleQuery()
#3 /var/www/htdocs/project/app/Models/subject_model.php(112): CodeIgniter\Database\BaseConnection->query()
#4 /var/www/htdocs/project/app/Controllers/Main.php(148): App\Models\subject_model->getSearch()
#5 /var/www/htdocs/project/system/CodeIgniter.php(934): App\Controllers\Main->search()
#6 /var/www/htdocs/project/system/CodeIgniter.php(499): CodeIgniter\CodeIgniter->runController()
#7 /var/www/htdocs/project/system/CodeIgniter.php(368): CodeIgniter\CodeIgniter->handleRequest()
#8 /var/www/htdocs/project/public/index.php(67): CodeIgniter\CodeIgniter->run()
#9 {main}
CRITICAL - 2023-04-15 08:41:58 --> Unknown column 'cwasca' in 'where clause'
in SYSTEMPATH/Database/BaseConnection.php on line 645.
 1 APPPATH/Models/subject_model.php(112): CodeIgniter\Database\BaseConnection->query()
 2 APPPATH/Controllers/Main.php(148): App\Models\subject_model->getSearch()
 3 SYSTEMPATH/CodeIgniter.php(934): App\Controllers\Main->search()
 4 SYSTEMPATH/CodeIgniter.php(499): CodeIgniter\CodeIgniter->runController()
 5 SYSTEMPATH/CodeIgniter.php(368): CodeIgniter\CodeIgniter->handleRequest()
 6 FCPATH/index.php(67): CodeIgniter\CodeIgniter->run()
CRITICAL - 2023-04-15 14:58:30 --> Undefined variable $error
in APPPATH/Views/donate.php on line 23.
 1 APPPATH/Views/donate.php(23): CodeIgniter\Debug\Exceptions->errorHandler()
 2 SYSTEMPATH/View/View.php(213): include('APPPATH/Views/donate.php')
 3 SYSTEMPATH/View/View.php(216): CodeIgniter\View\View->CodeIgniter\View\{closure}()
 4 SYSTEMPATH/Common.php(1184): CodeIgniter\View\View->render()
 5 APPPATH/Controllers/Donate.php(10): view()
 6 SYSTEMPATH/CodeIgniter.php(934): App\Controllers\Donate->index()
 7 SYSTEMPATH/CodeIgniter.php(499): CodeIgniter\CodeIgniter->runController()
 8 SYSTEMPATH/CodeIgniter.php(368): CodeIgniter\CodeIgniter->handleRequest()
 9 FCPATH/index.php(67): CodeIgniter\CodeIgniter->run()
CRITICAL - 2023-04-15 14:59:05 --> Undefined variable $error
in APPPATH/Views/donate.php on line 23.
 1 APPPATH/Views/donate.php(23): CodeIgniter\Debug\Exceptions->errorHandler()
 2 SYSTEMPATH/View/View.php(213): include('APPPATH/Views/donate.php')
 3 SYSTEMPATH/View/View.php(216): CodeIgniter\View\View->CodeIgniter\View\{closure}()
 4 SYSTEMPATH/Common.php(1184): CodeIgniter\View\View->render()
 5 APPPATH/Controllers/Donate.php(10): view()
 6 SYSTEMPATH/CodeIgniter.php(934): App\Controllers\Donate->index()
 7 SYSTEMPATH/CodeIgniter.php(499): CodeIgniter\CodeIgniter->runController()
 8 SYSTEMPATH/CodeIgniter.php(368): CodeIgniter\CodeIgniter->handleRequest()
 9 FCPATH/index.php(67): CodeIgniter\CodeIgniter->run()
CRITICAL - 2023-04-15 14:59:06 --> Undefined variable $error
in APPPATH/Views/donate.php on line 23.
 1 APPPATH/Views/donate.php(23): CodeIgniter\Debug\Exceptions->errorHandler()
 2 SYSTEMPATH/View/View.php(213): include('APPPATH/Views/donate.php')
 3 SYSTEMPATH/View/View.php(216): CodeIgniter\View\View->CodeIgniter\View\{closure}()
 4 SYSTEMPATH/Common.php(1184): CodeIgniter\View\View->render()
 5 APPPATH/Controllers/Donate.php(10): view()
 6 SYSTEMPATH/CodeIgniter.php(934): App\Controllers\Donate->index()
 7 SYSTEMPATH/CodeIgniter.php(499): CodeIgniter\CodeIgniter->runController()
 8 SYSTEMPATH/CodeIgniter.php(368): CodeIgniter\CodeIgniter->handleRequest()
 9 FCPATH/index.php(67): CodeIgniter\CodeIgniter->run()
CRITICAL - 2023-04-15 14:59:07 --> Undefined variable $error
in APPPATH/Views/donate.php on line 23.
 1 APPPATH/Views/donate.php(23): CodeIgniter\Debug\Exceptions->errorHandler()
 2 SYSTEMPATH/View/View.php(213): include('APPPATH/Views/donate.php')
 3 SYSTEMPATH/View/View.php(216): CodeIgniter\View\View->CodeIgniter\View\{closure}()
 4 SYSTEMPATH/Common.php(1184): CodeIgniter\View\View->render()
 5 APPPATH/Controllers/Donate.php(10): view()
 6 SYSTEMPATH/CodeIgniter.php(934): App\Controllers\Donate->index()
 7 SYSTEMPATH/CodeIgniter.php(499): CodeIgniter\CodeIgniter->runController()
 8 SYSTEMPATH/CodeIgniter.php(368): CodeIgniter\CodeIgniter->handleRequest()
 9 FCPATH/index.php(67): CodeIgniter\CodeIgniter->run()
CRITICAL - 2023-04-15 15:05:12 --> This API call cannot be made with a publishable API key. Please use a secret API key. You can find a list of your API keys at https://dashboard.stripe.com/account/apikeys.
in APPPATH/Libraries/stripe-php/lib/Exception/ApiErrorException.php on line 38.
 1 APPPATH/Libraries/stripe-php/lib/ApiRequestor.php(222): Stripe\Exception\ApiErrorException::factory()
 2 APPPATH/Libraries/stripe-php/lib/ApiRequestor.php(175): Stripe\ApiRequestor::_specificAPIError()
 3 APPPATH/Libraries/stripe-php/lib/ApiRequestor.php(558): Stripe\ApiRequestor->handleErrorResponse()
 4 APPPATH/Libraries/stripe-php/lib/ApiRequestor.php(124): Stripe\ApiRequestor->_interpretResponse()
 5 APPPATH/Libraries/stripe-php/lib/ApiOperations/Request.php(78): Stripe\ApiRequestor->request()
 6 APPPATH/Libraries/stripe-php/lib/ApiOperations/Create.php(25): Stripe\ApiResource::_staticRequest()
 7 APPPATH/Controllers/Donate.php(21): Stripe\Customer::create()
 8 SYSTEMPATH/CodeIgniter.php(934): App\Controllers\Donate->index()
 9 SYSTEMPATH/CodeIgniter.php(499): CodeIgniter\CodeIgniter->runController()
10 SYSTEMPATH/CodeIgniter.php(368): CodeIgniter\CodeIgniter->handleRequest()
11 FCPATH/index.php(67): CodeIgniter\CodeIgniter->run()
CRITICAL - 2023-04-15 15:05:35 --> No such token: 'tok_visa'
in APPPATH/Libraries/stripe-php/lib/Exception/ApiErrorException.php on line 38.
 1 APPPATH/Libraries/stripe-php/lib/Exception/InvalidRequestException.php(35): Stripe\Exception\ApiErrorException::factory()
 2 APPPATH/Libraries/stripe-php/lib/ApiRequestor.php(213): Stripe\Exception\InvalidRequestException::factory()
 3 APPPATH/Libraries/stripe-php/lib/ApiRequestor.php(175): Stripe\ApiRequestor::_specificAPIError()
 4 APPPATH/Libraries/stripe-php/lib/ApiRequestor.php(558): Stripe\ApiRequestor->handleErrorResponse()
 5 APPPATH/Libraries/stripe-php/lib/ApiRequestor.php(124): Stripe\ApiRequestor->_interpretResponse()
 6 APPPATH/Libraries/stripe-php/lib/ApiOperations/Request.php(78): Stripe\ApiRequestor->request()
 7 APPPATH/Libraries/stripe-php/lib/ApiOperations/Create.php(25): Stripe\ApiResource::_staticRequest()
 8 APPPATH/Controllers/Donate.php(21): Stripe\Customer::create()
 9 SYSTEMPATH/CodeIgniter.php(934): App\Controllers\Donate->index()
10 SYSTEMPATH/CodeIgniter.php(499): CodeIgniter\CodeIgniter->runController()
11 SYSTEMPATH/CodeIgniter.php(368): CodeIgniter\CodeIgniter->handleRequest()
12 FCPATH/index.php(67): CodeIgniter\CodeIgniter->run()
CRITICAL - 2023-04-15 15:05:36 --> No such token: 'tok_visa'
in APPPATH/Libraries/stripe-php/lib/Exception/ApiErrorException.php on line 38.
 1 APPPATH/Libraries/stripe-php/lib/Exception/InvalidRequestException.php(35): Stripe\Exception\ApiErrorException::factory()
 2 APPPATH/Libraries/stripe-php/lib/ApiRequestor.php(213): Stripe\Exception\InvalidRequestException::factory()
 3 APPPATH/Libraries/stripe-php/lib/ApiRequestor.php(175): Stripe\ApiRequestor::_specificAPIError()
 4 APPPATH/Libraries/stripe-php/lib/ApiRequestor.php(558): Stripe\ApiRequestor->handleErrorResponse()
 5 APPPATH/Libraries/stripe-php/lib/ApiRequestor.php(124): Stripe\ApiRequestor->_interpretResponse()
 6 APPPATH/Libraries/stripe-php/lib/ApiOperations/Request.php(78): Stripe\ApiRequestor->request()
 7 APPPATH/Libraries/stripe-php/lib/ApiOperations/Create.php(25): Stripe\ApiResource::_staticRequest()
 8 APPPATH/Controllers/Donate.php(21): Stripe\Customer::create()
 9 SYSTEMPATH/CodeIgniter.php(934): App\Controllers\Donate->index()
10 SYSTEMPATH/CodeIgniter.php(499): CodeIgniter\CodeIgniter->runController()
11 SYSTEMPATH/CodeIgniter.php(368): CodeIgniter\CodeIgniter->handleRequest()
12 FCPATH/index.php(67): CodeIgniter\CodeIgniter->run()
CRITICAL - 2023-04-15 15:05:37 --> No such token: 'tok_visa'
in APPPATH/Libraries/stripe-php/lib/Exception/ApiErrorException.php on line 38.
 1 APPPATH/Libraries/stripe-php/lib/Exception/InvalidRequestException.php(35): Stripe\Exception\ApiErrorException::factory()
 2 APPPATH/Libraries/stripe-php/lib/ApiRequestor.php(213): Stripe\Exception\InvalidRequestException::factory()
 3 APPPATH/Libraries/stripe-php/lib/ApiRequestor.php(175): Stripe\ApiRequestor::_specificAPIError()
 4 APPPATH/Libraries/stripe-php/lib/ApiRequestor.php(558): Stripe\ApiRequestor->handleErrorResponse()
 5 APPPATH/Libraries/stripe-php/lib/ApiRequestor.php(124): Stripe\ApiRequestor->_interpretResponse()
 6 APPPATH/Libraries/stripe-php/lib/ApiOperations/Request.php(78): Stripe\ApiRequestor->request()
 7 APPPATH/Libraries/stripe-php/lib/ApiOperations/Create.php(25): Stripe\ApiResource::_staticRequest()
 8 APPPATH/Controllers/Donate.php(21): Stripe\Customer::create()
 9 SYSTEMPATH/CodeIgniter.php(934): App\Controllers\Donate->index()
10 SYSTEMPATH/CodeIgniter.php(499): CodeIgniter\CodeIgniter->runController()
11 SYSTEMPATH/CodeIgniter.php(368): CodeIgniter\CodeIgniter->handleRequest()
12 FCPATH/index.php(67): CodeIgniter\CodeIgniter->run()
