CRITICAL - 2023-04-07 03:29:03 --> Cannot use empty array elements in arrays
in APPPATH/Controllers/Main.php on line 47.
 1 [internal function]: CodeIgniter\Debug\Exceptions->shutdownHandler()
CRITICAL - 2023-04-07 03:29:05 --> Cannot use empty array elements in arrays
in APPPATH/Controllers/Main.php on line 47.
 1 [internal function]: CodeIgniter\Debug\Exceptions->shutdownHandler()
CRITICAL - 2023-04-07 03:29:44 --> Undefined property: CodeIgniter\Database\MySQLi\Result::$row
in APPPATH/Models/subject_model.php on line 30.
 1 APPPATH/Models/subject_model.php(30): CodeIgniter\Debug\Exceptions->errorHandler()
 2 APPPATH/Controllers/Main.php(57): App\Models\subject_model->addQuestion()
 3 SYSTEMPATH/CodeIgniter.php(934): App\Controllers\Main->submit_form()
 4 SYSTEMPATH/CodeIgniter.php(499): CodeIgniter\CodeIgniter->runController()
 5 SYSTEMPATH/CodeIgniter.php(368): CodeIgniter\CodeIgniter->handleRequest()
 6 FCPATH/index.php(67): CodeIgniter\CodeIgniter->run()
CRITICAL - 2023-04-07 03:30:34 --> Undefined property: CodeIgniter\Database\MySQLi\Result::$row
in APPPATH/Models/subject_model.php on line 30.
 1 APPPATH/Models/subject_model.php(30): CodeIgniter\Debug\Exceptions->errorHandler()
 2 APPPATH/Controllers/Main.php(57): App\Models\subject_model->addQuestion()
 3 SYSTEMPATH/CodeIgniter.php(934): App\Controllers\Main->submit_form()
 4 SYSTEMPATH/CodeIgniter.php(499): CodeIgniter\CodeIgniter->runController()
 5 SYSTEMPATH/CodeIgniter.php(368): CodeIgniter\CodeIgniter->handleRequest()
 6 FCPATH/index.php(67): CodeIgniter\CodeIgniter->run()
CRITICAL - 2023-04-07 03:31:38 --> Undefined property: CodeIgniter\Database\MySQLi\Result::$row
in APPPATH/Models/subject_model.php on line 30.
 1 APPPATH/Models/subject_model.php(30): CodeIgniter\Debug\Exceptions->errorHandler()
 2 APPPATH/Controllers/Main.php(57): App\Models\subject_model->addQuestion()
 3 SYSTEMPATH/CodeIgniter.php(934): App\Controllers\Main->submit_form()
 4 SYSTEMPATH/CodeIgniter.php(499): CodeIgniter\CodeIgniter->runController()
 5 SYSTEMPATH/CodeIgniter.php(368): CodeIgniter\CodeIgniter->handleRequest()
 6 FCPATH/index.php(67): CodeIgniter\CodeIgniter->run()
CRITICAL - 2023-04-07 03:31:54 --> Undefined property: CodeIgniter\Database\MySQLi\Result::$row
in APPPATH/Models/subject_model.php on line 30.
 1 APPPATH/Models/subject_model.php(30): CodeIgniter\Debug\Exceptions->errorHandler()
 2 APPPATH/Controllers/Main.php(57): App\Models\subject_model->addQuestion()
 3 SYSTEMPATH/CodeIgniter.php(934): App\Controllers\Main->submit_form()
 4 SYSTEMPATH/CodeIgniter.php(499): CodeIgniter\CodeIgniter->runController()
 5 SYSTEMPATH/CodeIgniter.php(368): CodeIgniter\CodeIgniter->handleRequest()
 6 FCPATH/index.php(67): CodeIgniter\CodeIgniter->run()
ERROR - 2023-04-07 03:55:15 --> mysqli_sql_exception: You have an error in your SQL syntax; check the manual that corresponds to your MySQL server version for the right syntax to use near '' at line 3 in /var/www/htdocs/project/system/Database/MySQLi/Connection.php:295
Stack trace:
#0 /var/www/htdocs/project/system/Database/MySQLi/Connection.php(295): mysqli->query()
#1 /var/www/htdocs/project/system/Database/BaseConnection.php(691): CodeIgniter\Database\MySQLi\Connection->execute()
#2 /var/www/htdocs/project/system/Database/BaseConnection.php(605): CodeIgniter\Database\BaseConnection->simpleQuery()
#3 /var/www/htdocs/project/app/Models/User_model.php(36): CodeIgniter\Database\BaseConnection->query()
#4 /var/www/htdocs/project/app/Controllers/Main.php(48): App\Models\User_model->getUserId()
#5 /var/www/htdocs/project/system/CodeIgniter.php(934): App\Controllers\Main->submit_form()
#6 /var/www/htdocs/project/system/CodeIgniter.php(499): CodeIgniter\CodeIgniter->runController()
#7 /var/www/htdocs/project/system/CodeIgniter.php(368): CodeIgniter\CodeIgniter->handleRequest()
#8 /var/www/htdocs/project/public/index.php(67): CodeIgniter\CodeIgniter->run()
#9 {main}
CRITICAL - 2023-04-07 03:55:15 --> You have an error in your SQL syntax; check the manual that corresponds to your MySQL server version for the right syntax to use near '' at line 3
in SYSTEMPATH/Database/BaseConnection.php on line 645.
 1 APPPATH/Models/User_model.php(36): CodeIgniter\Database\BaseConnection->query()
 2 APPPATH/Controllers/Main.php(48): App\Models\User_model->getUserId()
 3 SYSTEMPATH/CodeIgniter.php(934): App\Controllers\Main->submit_form()
 4 SYSTEMPATH/CodeIgniter.php(499): CodeIgniter\CodeIgniter->runController()
 5 SYSTEMPATH/CodeIgniter.php(368): CodeIgniter\CodeIgniter->handleRequest()
 6 FCPATH/index.php(67): CodeIgniter\CodeIgniter->run()
CRITICAL - 2023-04-07 04:00:48 --> Attempt to read property "id" on null
in APPPATH/Models/User_model.php on line 42.
 1 APPPATH/Models/User_model.php(42): CodeIgniter\Debug\Exceptions->errorHandler()
 2 APPPATH/Controllers/Main.php(48): App\Models\User_model->getUserId()
 3 SYSTEMPATH/CodeIgniter.php(934): App\Controllers\Main->submit_form()
 4 SYSTEMPATH/CodeIgniter.php(499): CodeIgniter\CodeIgniter->runController()
 5 SYSTEMPATH/CodeIgniter.php(368): CodeIgniter\CodeIgniter->handleRequest()
 6 FCPATH/index.php(67): CodeIgniter\CodeIgniter->run()
CRITICAL - 2023-04-07 06:06:24 --> syntax error, unexpected token "<"
in APPPATH/Models/User_model.php on line 18.
 1 SYSTEMPATH/Autoloader/Autoloader.php(289): CodeIgniter\Autoloader\Autoloader->includeFile()
 2 SYSTEMPATH/Autoloader/Autoloader.php(267): CodeIgniter\Autoloader\Autoloader->loadInNamespace()
 3 APPPATH/Controllers/Login.php(39): CodeIgniter\Autoloader\Autoloader->loadClass()
 4 SYSTEMPATH/CodeIgniter.php(934): App\Controllers\Login->check_login()
 5 SYSTEMPATH/CodeIgniter.php(499): CodeIgniter\CodeIgniter->runController()
 6 SYSTEMPATH/CodeIgniter.php(368): CodeIgniter\CodeIgniter->handleRequest()
 7 FCPATH/index.php(67): CodeIgniter\CodeIgniter->run()
